<?xml version="1.0" encoding="UTF-8"?>
<!-- Generated by org.testng.reporters.JUnitXMLReporter -->
<testsuite ignored="0" hostname="DESKTOP-5KR3QEN" failures="0" tests="6" name="BankingApp Test" time="30.118" errors="0" timestamp="2021-10-13T22:52:38 IST">
  <testcase classname="com.inetbanking.TestCases.TC_LoginTest_001" name="loginTest" time="1.504"/>
  <testcase classname="com.inetbanking.TestCases.TC_LoginDDT_002" name="loginDDT" time="1.956"/>
  <testcase classname="com.inetbanking.TestCases.TC_LoginDDT_002" name="loginDDT" time="2.669"/>
  <testcase classname="com.inetbanking.TestCases.TC_LoginDDT_002" name="loginDDT" time="2.394"/>
  <testcase classname="com.inetbanking.TestCases.TC_LoginDDT_002" name="loginDDT" time="1.326"/>
  <testcase classname="com.inetbanking.TestCases.TC_LoginDDT_002" name="loginDDT" time="1.299"/>
</testsuite> <!-- BankingApp Test -->
