<?xml version="1.0" encoding="UTF-8"?>
<testsuite xmlns:xsi="http://www.w3.org/2001/XMLSchema-instance" xsi:noNamespaceSchemaLocation="https://maven.apache.org/surefire/maven-surefire-plugin/xsd/surefire-test-report-3.0.xsd" version="3.0" name="TestSuite" time="31.002" tests="6" errors="0" skipped="0" failures="0">
  <properties>
[...]
</properties>
  <testcase name="loginTest" classname="com.inetbanking.TestCases.TC_LoginTest_001" time="1.457">
    <system-out><![CDATA[ScreenShot Taken
failed
]]></system-out>
    <system-err><![CDATA[Starting ChromeDriver 94.0.4606.61 (418b78f5838ed0b1c69bb4e51ea0252171854915-refs/branch-heads/4606@{#1204}) on port 1159
Only local connections are allowed.
Please see https://chromedriver.chromium.org/security-considerations for suggestions on keeping ChromeDriver safe.
ChromeDriver was started successfully.
Oct 13, 2021 10:52:11 PM org.openqa.selenium.remote.ProtocolHandshake createSession
INFO: Detected dialect: W3C
]]></system-err>
  </testcase>
  <testcase name="loginDDT[ mngr357945, ErysYtU](1)" classname="com.inetbanking.TestCases.TC_LoginDDT_002" time="1.897">
    <system-err><![CDATA[Starting ChromeDriver 94.0.4606.61 (418b78f5838ed0b1c69bb4e51ea0252171854915-refs/branch-heads/4606@{#1204}) on port 8854
Only local connections are allowed.
Please see https://chromedriver.chromium.org/security-considerations for suggestions on keeping ChromeDriver safe.
ChromeDriver was started successfully.
Oct 13, 2021 10:52:21 PM org.openqa.selenium.remote.ProtocolHandshake createSession
INFO: Detected dialect: W3C
]]></system-err>
  </testcase>
  <testcase name="loginDDT[mngr358504, byperEn](2)" classname="com.inetbanking.TestCases.TC_LoginDDT_002" time="2.668"/>
  <testcase name="loginDDT[mngr358505, ugadery](3)" classname="com.inetbanking.TestCases.TC_LoginDDT_002" time="2.394"/>
  <testcase name="loginDDT[mngr, byp](4)" classname="com.inetbanking.TestCases.TC_LoginDDT_002" time="1.327"/>
  <testcase name="loginDDT[, ](5)" classname="com.inetbanking.TestCases.TC_LoginDDT_002" time="1.299"/>
</testsuite>