<?xml version="1.0" encoding="UTF-8"?>
<testng-results ignored="0" total="1" passed="1" failed="0" skipped="0">
  <reporter-output>
  </reporter-output>
  <suite started-at="2021-10-11T20:58:24 IST" name="InetBankingV1" finished-at="2021-10-11T20:59:56 IST" duration-ms="92445">
    <groups>
    </groups>
    <test started-at="2021-10-11T20:58:24 IST" name="BankingApp Test" finished-at="2021-10-11T20:59:56 IST" duration-ms="92445">
      <class name="com.inetbanking.TestCases.TC_LoginTest_001">
        <test-method is-config="true" signature="setup(java.lang.String)[pri:0, instance:com.inetbanking.TestCases.TC_LoginTest_001@4b5a5ed1]" started-at="2021-10-11T20:58:24 IST" name="setup" finished-at="2021-10-11T20:59:13 IST" duration-ms="48753" status="PASS">
          <params>
            <param index="0">
              <value>
                <![CDATA[chrome]]>
              </value>
            </param>
          </params>
          <reporter-output>
          </reporter-output>
        </test-method> <!-- setup -->
        <test-method signature="loginTest()[pri:0, instance:com.inetbanking.TestCases.TC_LoginTest_001@4b5a5ed1]" started-at="2021-10-11T20:59:13 IST" name="loginTest" finished-at="2021-10-11T20:59:56 IST" duration-ms="43289" status="PASS">
          <reporter-output>
          </reporter-output>
        </test-method> <!-- loginTest -->
        <test-method is-config="true" signature="tearDown()[pri:0, instance:com.inetbanking.TestCases.TC_LoginTest_001@4b5a5ed1]" started-at="2021-10-11T20:59:56 IST" name="tearDown" finished-at="2021-10-11T20:59:56 IST" duration-ms="141" status="PASS">
          <reporter-output>
          </reporter-output>
        </test-method> <!-- tearDown -->
      </class> <!-- com.inetbanking.TestCases.TC_LoginTest_001 -->
    </test> <!-- BankingApp Test -->
  </suite> <!-- InetBankingV1 -->
</testng-results>
